<?xml version="1.0" encoding="UTF-8"?>
<!-- Generated by org.testng.reporters.JUnitXMLReporter -->
<testsuite hostname="p4a-508SD5S" name="Test1" tests="1" failures="1" timestamp="25 Jul 2018 07:18:27 GMT" time="0.018" errors="0">
  <testcase name="f" time="0.011" classname="com.accenture.test.LoginTest">
    <failure type="java.lang.AssertionError" message="Failed expected [Ash] but found [Ashvin]">
      <![CDATA[java.lang.AssertionError: Failed expected [Ash] but found [Ashvin]
	at com.accenture.test.LoginTest.f(LoginTest.java:11)
... Removed 28 stack frames]]>
    </failure>
  </testcase> <!-- f -->
</testsuite> <!-- Test1 -->
